Arguments: 
  /usr/local/Cellar/node/9.5.0/bin/node /usr/local/Cellar/yarn/1.3.2/libexec/bin/yarn.js add node-less-chokidar

PATH: 
  /Users/qiukaixiang/bin:/usr/local/bin:/usr/local/bin:/usr/bin:/bin:/usr/sbin:/sbin

Yarn version: 
  1.3.2

Node version: 
  9.5.0

Platform: 
  darwin x64

npm manifest: 
  {
    "name": "flextable",
    "version": "1.0.0",
    "description": "FlexTable: An high-customed Reactive Table Component ",
    "main": "index.js",
    "scripts": {
      "test": "test",
      "flow": "flow status",
    },
    "author": "Edward Qiu <qiu.kaixiang@puscene.com>",
    "license": "MIT",
    "devDependencies": {
      "babel-cli": "^6.26.0",
      "babel-preset-flow": "^6.23.0",
      "flow-bin": "^0.63.1"
    },
    "dependencies": {
      "classnames": "^2.2.5"
    }
  }

yarn manifest: 
  No manifest

Lockfile: 
  No lockfile

Trace: 
  SyntaxError: /Users/qiukaixiang/Projects/my-app/src/FlexTable/package.json: Unexpected token } in JSON at position 207
      at JSON.parse (<anonymous>)
      at /usr/local/Cellar/yarn/1.3.2/libexec/lib/cli.js:770:59
      at Generator.next (<anonymous>)
      at step (/usr/local/Cellar/yarn/1.3.2/libexec/lib/cli.js:92:30)
      at /usr/local/Cellar/yarn/1.3.2/libexec/lib/cli.js:103:13
      at <anonymous>
